time="" level=info msg="podman filtering at log level debug"
time="" level=debug msg="Called service.PersistentPreRunE(podman system service tcp:localhost:8880 --log-level=debug --time=0)"
time="" level=debug msg="cached value indicated that overlay is supported"
time="" level=debug msg="Merged system config \"/usr/share/containers/containers.conf\""
time="" level=debug msg="cached value indicated that overlay is supported"
time="" level=debug msg="Using conmon: \"/usr/libexec/podman/conmon\""
time="" level=debug msg="Initializing boltdb state at /home/jh/.local/share/containers/storage/libpod/bolt_state.db"
time="" level=debug msg="Using graph driver overlay"
time="" level=debug msg="Using graph root /home/jh/.local/share/containers/storage"
time="" level=debug msg="Using run root /run/user/1000/containers"
time="" level=debug msg="Using static dir /home/jh/.local/share/containers/storage/libpod"
time="" level=debug msg="Using tmp dir /run/user/1000/libpod/tmp"
time="" level=debug msg="Using volume path /home/jh/.local/share/containers/storage/volumes"
time="" level=debug msg="cached value indicated that overlay is supported"
time="" level=debug msg="Set libpod namespace to \"\""
time="" level=debug msg="[graphdriver] trying provided driver \"overlay\""
time="" level=debug msg="cached value indicated that overlay is supported"
time="" level=debug msg="cached value indicated that metacopy is not being used"
time="" level=debug msg="cached value indicated that native-diff is usable"
time="" level=debug msg="backingFs=extfs, projectQuotaSupported=false, useNativeDiff=true, usingMetacopy=false"
time="" level=debug msg="Initializing event backend journald"
time="" level=debug msg="configured OCI runtime runsc initialization failed: no valid executable found for OCI runtime runsc: invalid argument"
time="" level=debug msg="configured OCI runtime kata initialization failed: no valid executable found for OCI runtime kata: invalid argument"
time="" level=debug msg="Using OCI runtime \"/usr/bin/crun\""
time="" level=info msg="Found CNI network podman (type=bridge) at /home/jh/.config/cni/net.d/87-podman.conflist"
time="" level=debug msg="Default CNI network name podman is unchangeable"
time="" level=info msg="Setting parallel job count to 7"
time="" level=info msg="using API endpoint: 'tcp:localhost:8880'"
time="" level=debug msg="registered SIGHUP watcher for config"
time="" level=debug msg="CORS Headers were not set"
time="" level=info msg="API service listening on \"127.0.0.1:8880\""
time="" level=debug msg="waiting for SIGHUP to reload configuration"
time="" level=debug msg="API service shutting down, idle for 0s"
time="" level=debug msg="API service shutdown ignored as Duration is UnlimitedService"
time="" level=debug msg="IdleTracker:new 0m+0h/0t connection(s)" X-Reference-Id=0xc000010008
time="" level=debug msg="IdleTracker:active 0m+0h/1t connection(s)" X-Reference-Id=0xc000010008
time="" level=debug msg="[graphdriver] trying provided driver \"overlay\""
time="" level=debug msg="cached value indicated that overlay is supported"
time="" level=debug msg="cached value indicated that metacopy is not being used"
time="" level=debug msg="backingFs=extfs, projectQuotaSupported=false, useNativeDiff=true, usingMetacopy=false"
time="" level=debug msg="Loading registries configuration \"/etc/containers/registries.conf\""
time="" level=debug msg="Loading registries configuration \"/etc/containers/registries.conf.d/000-shortnames.conf\""
127.0.0.1 - - [18/Dec/2021:14:33:35 +0100] "GET /version HTTP/1.1" 200 884 "" "Jersey/2.22.2 (Apache HttpClient 4.5)"
time="" level=debug msg="IdleTracker:idle 1m+0h/1t connection(s)" X-Reference-Id=0xc000010008
time="" level=debug msg="IdleTracker:closed 1m+0h/1t connection(s)" X-Reference-Id=0xc000010008
time="" level=debug msg="IdleTracker:new 0m+0h/1t connection(s)" X-Reference-Id=0xc0000101c0
time="" level=debug msg="IdleTracker:active 0m+0h/2t connection(s)" X-Reference-Id=0xc0000101c0
time="" level=info msg="tar file content type is  application/tar, should use \"application/x-tar\" content type"
time="" level=debug msg="base for stage 0: \"openjdk:8-jdk-alpine\""
time="" level=debug msg="FROM \"openjdk:8-jdk-alpine\""
time="" level=debug msg="Pulling image openjdk:8-jdk-alpine (policy: missing)"
time="" level=debug msg="Looking up image \"openjdk:8-jdk-alpine\" in local containers storage"
time="" level=debug msg="Trying \"openjdk:8-jdk-alpine\" ..."
time="" level=debug msg="Trying \"docker.io/library/openjdk:8-jdk-alpine\" ..."
time="" level=debug msg="parsed reference into \"[overlay@/home/jh/.local/share/containers/storage+/run/user/1000/containers]@a3562aa0b991a80cfe8172847c8be6dbf6e46340b759c2b782f8b8be45342717\""
time="" level=debug msg="Found image \"openjdk:8-jdk-alpine\" as \"docker.io/library/openjdk:8-jdk-alpine\" in local containers storage"
time="" level=debug msg="Found image \"openjdk:8-jdk-alpine\" as \"docker.io/library/openjdk:8-jdk-alpine\" in local containers storage ([overlay@/home/jh/.local/share/containers/storage+/run/user/1000/containers]@a3562aa0b991a80cfe8172847c8be6dbf6e46340b759c2b782f8b8be45342717)"
time="" level=debug msg="Looking up image \"docker.io/library/openjdk:8-jdk-alpine\" in local containers storage"
time="" level=debug msg="Trying \"docker.io/library/openjdk:8-jdk-alpine\" ..."
time="" level=debug msg="parsed reference into \"[overlay@/home/jh/.local/share/containers/storage+/run/user/1000/containers]@a3562aa0b991a80cfe8172847c8be6dbf6e46340b759c2b782f8b8be45342717\""
time="" level=debug msg="Found image \"docker.io/library/openjdk:8-jdk-alpine\" as \"docker.io/library/openjdk:8-jdk-alpine\" in local containers storage"
time="" level=debug msg="Found image \"docker.io/library/openjdk:8-jdk-alpine\" as \"docker.io/library/openjdk:8-jdk-alpine\" in local containers storage ([overlay@/home/jh/.local/share/containers/storage+/run/user/1000/containers]@a3562aa0b991a80cfe8172847c8be6dbf6e46340b759c2b782f8b8be45342717)"
time="" level=debug msg="exporting opaque data as blob \"sha256:a3562aa0b991a80cfe8172847c8be6dbf6e46340b759c2b782f8b8be45342717\""
time="" level=debug msg="[graphdriver] trying provided driver \"overlay\""
time="" level=debug msg="cached value indicated that overlay is supported"
time="" level=debug msg="cached value indicated that metacopy is not being used"
time="" level=debug msg="backingFs=extfs, projectQuotaSupported=false, useNativeDiff=true, usingMetacopy=false"
time="" level=debug msg="cached value indicated that volatile is being used"
time="" level=debug msg="overlay: mount_data=,lowerdir=/home/jh/.local/share/containers/storage/overlay/l/TSZUK5PR3QBX5BCAERE7WQ6KIC:/home/jh/.local/share/containers/storage/overlay/l/N7IKMGOQUJR7RBCXZHREXRZGRW:/home/jh/.local/share/containers/storage/overlay/l/FWIHVLP3NLD2RAM7QL5PKNPL3B,upperdir=/home/jh/.local/share/containers/storage/overlay/3ab7f6c03c4c17638b4dbe0344fc275d82deeccc866d9b737036cfedd7f433c8/diff,workdir=/home/jh/.local/share/containers/storage/overlay/3ab7f6c03c4c17638b4dbe0344fc275d82deeccc866d9b737036cfedd7f433c8/work,userxattr,volatile"
time="" level=debug msg="Container ID: 9cc1e72bac782bbfef1ec942192e7bee6fade3874eb06190700798364a71be39"
time="" level=debug msg="Parsed Step: {Env:[PATH=/usr/local/sbin:/usr/local/bin:/usr/sbin:/usr/bin:/sbin:/bin:/usr/lib/jvm/java-1.8-openjdk/jre/bin:/usr/lib/jvm/java-1.8-openjdk/bin LANG=C.UTF-8 JAVA_HOME=/usr/lib/jvm/java-1.8-openjdk JAVA_VERSION=8u212 JAVA_ALPINE_VERSION=8.212.04-r0] Command:copy Args:[*.jar app.jar] Flags:[] Attrs:map[] Message:COPY *.jar app.jar Original:COPY *.jar app.jar}"
time="" level=debug msg="COPY []string(nil), imagebuilder.Copy{FromFS:false, From:\"\", Src:[]string{\"*.jar\"}, Dest:\"/app.jar\", Download:false, Chown:\"\", Chmod:\"\"}"
time="" level=debug msg="added content file:a5b7ca6446915eee2cf9bf6e439305a9e73d15f32ab17c07260e04dd7d7ade8c"
time="" level=debug msg="Parsed Step: {Env:[PATH=/usr/local/sbin:/usr/local/bin:/usr/sbin:/usr/bin:/sbin:/bin:/usr/lib/jvm/java-1.8-openjdk/jre/bin:/usr/lib/jvm/java-1.8-openjdk/bin LANG=C.UTF-8 JAVA_HOME=/usr/lib/jvm/java-1.8-openjdk JAVA_VERSION=8u212 JAVA_ALPINE_VERSION=8.212.04-r0] Command:copy Args:[NOT_EXISTING_FILE .] Flags:[] Attrs:map[] Message:COPY NOT_EXISTING_FILE . Original:COPY NOT_EXISTING_FILE .}"
time="" level=debug msg="COPY []string(nil), imagebuilder.Copy{FromFS:false, From:\"\", Src:[]string{\"NOT_EXISTING_FILE\"}, Dest:\"/\", Download:false, Chown:\"\", Chmod:\"\"}"
time="" level=debug msg="error building at step {Env:[PATH=/usr/local/sbin:/usr/local/bin:/usr/sbin:/usr/bin:/sbin:/bin:/usr/lib/jvm/java-1.8-openjdk/jre/bin:/usr/lib/jvm/java-1.8-openjdk/bin LANG=C.UTF-8 JAVA_HOME=/usr/lib/jvm/java-1.8-openjdk JAVA_VERSION=8u212 JAVA_ALPINE_VERSION=8.212.04-r0] Command:copy Args:[NOT_EXISTING_FILE .] Flags:[] Attrs:map[] Message:COPY NOT_EXISTING_FILE . Original:COPY NOT_EXISTING_FILE .}: checking on sources under \"/var/tmp/libpod_builder182988184/build\": copier: stat: \"/NOT_EXISTING_FILE\": no such file or directory"
127.0.0.1 - - [18/Dec/2021:14:33:36 +0100] "POST /build?t=testapp%3A1.0.0-SNAPSHOT HTTP/1.1" 200 346 "" "Jersey/2.22.2 (Apache HttpClient 4.5)"
time="" level=debug msg="IdleTracker:idle 1m+0h/2t connection(s)" X-Reference-Id=0xc0000101c0
time="" level=debug msg="IdleTracker:closed 1m+0h/2t connection(s)" X-Reference-Id=0xc0000101c0
