time="2021-12-18T14:40:24+01:00" level=info msg="podman filtering at log level debug"
time="2021-12-18T14:40:24+01:00" level=debug msg="Called service.PersistentPreRunE(podman system service tcp:localhost:8880 --log-level=debug --time=0)"
time="2021-12-18T14:40:24+01:00" level=debug msg="cached value indicated that overlay is supported"
time="2021-12-18T14:40:24+01:00" level=debug msg="Merged system config \"/usr/share/containers/containers.conf\""
time="2021-12-18T14:40:24+01:00" level=debug msg="cached value indicated that overlay is supported"
time="2021-12-18T14:40:24+01:00" level=debug msg="Using conmon: \"/usr/libexec/podman/conmon\""
time="2021-12-18T14:40:24+01:00" level=debug msg="Initializing boltdb state at /home/jh/.local/share/containers/storage/libpod/bolt_state.db"
time="2021-12-18T14:40:24+01:00" level=debug msg="Using graph driver overlay"
time="2021-12-18T14:40:24+01:00" level=debug msg="Using graph root /home/jh/.local/share/containers/storage"
time="2021-12-18T14:40:24+01:00" level=debug msg="Using run root /run/user/1000/containers"
time="2021-12-18T14:40:24+01:00" level=debug msg="Using static dir /home/jh/.local/share/containers/storage/libpod"
time="2021-12-18T14:40:24+01:00" level=debug msg="Using tmp dir /run/user/1000/libpod/tmp"
time="2021-12-18T14:40:24+01:00" level=debug msg="Using volume path /home/jh/.local/share/containers/storage/volumes"
time="2021-12-18T14:40:24+01:00" level=debug msg="cached value indicated that overlay is supported"
time="2021-12-18T14:40:24+01:00" level=debug msg="Set libpod namespace to \"\""
time="2021-12-18T14:40:24+01:00" level=debug msg="[graphdriver] trying provided driver \"overlay\""
time="2021-12-18T14:40:24+01:00" level=debug msg="cached value indicated that overlay is supported"
time="2021-12-18T14:40:24+01:00" level=debug msg="cached value indicated that metacopy is not being used"
time="2021-12-18T14:40:24+01:00" level=debug msg="cached value indicated that native-diff is usable"
time="2021-12-18T14:40:24+01:00" level=debug msg="backingFs=extfs, projectQuotaSupported=false, useNativeDiff=true, usingMetacopy=false"
time="2021-12-18T14:40:24+01:00" level=debug msg="Initializing event backend journald"
time="2021-12-18T14:40:24+01:00" level=debug msg="configured OCI runtime kata initialization failed: no valid executable found for OCI runtime kata: invalid argument"
time="2021-12-18T14:40:24+01:00" level=debug msg="configured OCI runtime runsc initialization failed: no valid executable found for OCI runtime runsc: invalid argument"
time="2021-12-18T14:40:24+01:00" level=debug msg="Using OCI runtime \"/usr/bin/crun\""
time="2021-12-18T14:40:24+01:00" level=info msg="Found CNI network podman (type=bridge) at /home/jh/.config/cni/net.d/87-podman.conflist"
time="2021-12-18T14:40:24+01:00" level=debug msg="Default CNI network name podman is unchangeable"
time="2021-12-18T14:40:24+01:00" level=info msg="Setting parallel job count to 7"
time="2021-12-18T14:40:24+01:00" level=info msg="using API endpoint: 'tcp:localhost:8880'"
time="2021-12-18T14:40:24+01:00" level=debug msg="waiting for SIGHUP to reload configuration"
time="2021-12-18T14:40:24+01:00" level=debug msg="registered SIGHUP watcher for config"
time="2021-12-18T14:40:24+01:00" level=debug msg="CORS Headers were not set"
time="2021-12-18T14:40:24+01:00" level=info msg="API service listening on \"127.0.0.1:8880\""
time="2021-12-18T14:40:24+01:00" level=debug msg="API service shutting down, idle for 0s"
time="2021-12-18T14:40:24+01:00" level=debug msg="API service shutdown ignored as Duration is UnlimitedService"
time="2021-12-18T14:40:32+01:00" level=debug msg="IdleTracker:new 0m+0h/0t connection(s)" X-Reference-Id=0xc000504a38
time="2021-12-18T14:40:32+01:00" level=debug msg="IdleTracker:active 0m+0h/1t connection(s)" X-Reference-Id=0xc000504a38
time="2021-12-18T14:40:32+01:00" level=debug msg="Loading registries configuration \"/etc/containers/registries.conf\""
time="2021-12-18T14:40:32+01:00" level=debug msg="Loading registries configuration \"/etc/containers/registries.conf.d/000-shortnames.conf\""
127.0.0.1 - - [18/Dec/2021:14:40:32 +0100] "GET /version HTTP/1.1" 200 884 "" "Apache-HttpClient/4.5.13 (Java/1.8.0_312)"
time="2021-12-18T14:40:32+01:00" level=debug msg="IdleTracker:idle 1m+0h/1t connection(s)" X-Reference-Id=0xc000504a38
time="2021-12-18T14:40:32+01:00" level=debug msg="IdleTracker:closed 1m+0h/1t connection(s)" X-Reference-Id=0xc000504a38
time="2021-12-18T14:40:32+01:00" level=debug msg="IdleTracker:new 0m+0h/1t connection(s)" X-Reference-Id=0xc000010c60
time="2021-12-18T14:40:32+01:00" level=debug msg="IdleTracker:active 0m+0h/2t connection(s)" X-Reference-Id=0xc000010c60
time="2021-12-18T14:40:32+01:00" level=debug msg="Looking up image \"openjdk:8-jdk-alpine\" in local containers storage"
time="2021-12-18T14:40:32+01:00" level=debug msg="Trying \"openjdk:8-jdk-alpine\" ..."
time="2021-12-18T14:40:32+01:00" level=debug msg="Trying \"docker.io/library/openjdk:8-jdk-alpine\" ..."
time="2021-12-18T14:40:32+01:00" level=debug msg="parsed reference into \"[overlay@/home/jh/.local/share/containers/storage+/run/user/1000/containers]@a3562aa0b991a80cfe8172847c8be6dbf6e46340b759c2b782f8b8be45342717\""
time="2021-12-18T14:40:32+01:00" level=debug msg="Found image \"openjdk:8-jdk-alpine\" as \"docker.io/library/openjdk:8-jdk-alpine\" in local containers storage"
time="2021-12-18T14:40:32+01:00" level=debug msg="Found image \"openjdk:8-jdk-alpine\" as \"docker.io/library/openjdk:8-jdk-alpine\" in local containers storage ([overlay@/home/jh/.local/share/containers/storage+/run/user/1000/containers]@a3562aa0b991a80cfe8172847c8be6dbf6e46340b759c2b782f8b8be45342717)"
time="2021-12-18T14:40:32+01:00" level=debug msg="Inspecting image a3562aa0b991a80cfe8172847c8be6dbf6e46340b759c2b782f8b8be45342717"
time="2021-12-18T14:40:32+01:00" level=debug msg="exporting opaque data as blob \"sha256:a3562aa0b991a80cfe8172847c8be6dbf6e46340b759c2b782f8b8be45342717\""
time="2021-12-18T14:40:32+01:00" level=debug msg="exporting opaque data as blob \"sha256:a3562aa0b991a80cfe8172847c8be6dbf6e46340b759c2b782f8b8be45342717\""
time="2021-12-18T14:40:32+01:00" level=debug msg="exporting opaque data as blob \"sha256:a3562aa0b991a80cfe8172847c8be6dbf6e46340b759c2b782f8b8be45342717\""
time="2021-12-18T14:40:32+01:00" level=debug msg="exporting opaque data as blob \"sha256:a3562aa0b991a80cfe8172847c8be6dbf6e46340b759c2b782f8b8be45342717\""
127.0.0.1 - - [18/Dec/2021:14:40:32 +0100] "GET /v1.40/images/openjdk%3A8-jdk-alpine/json HTTP/1.1" 200 2263 "" "Apache-HttpClient/4.5.13 (Java/1.8.0_312)"
time="2021-12-18T14:40:32+01:00" level=debug msg="IdleTracker:idle 1m+0h/2t connection(s)" X-Reference-Id=0xc000010c60
time="2021-12-18T14:40:33+01:00" level=debug msg="IdleTracker:active 1m+0h/2t connection(s)" X-Reference-Id=0xc000010c60
time="2021-12-18T14:40:33+01:00" level=debug msg="Looking up image \"testapp:1.0.0-SNAPSHOT\" in local containers storage"
time="2021-12-18T14:40:33+01:00" level=debug msg="Trying \"testapp:1.0.0-SNAPSHOT\" ..."
time="2021-12-18T14:40:33+01:00" level=debug msg="Trying \"localhost/testapp:1.0.0-SNAPSHOT\" ..."
time="2021-12-18T14:40:33+01:00" level=debug msg="Trying \"docker.io/library/testapp:1.0.0-SNAPSHOT\" ..."
time="2021-12-18T14:40:33+01:00" level=debug msg="Trying \"quay.io/testapp:1.0.0-SNAPSHOT\" ..."
time="2021-12-18T14:40:33+01:00" level=debug msg="Trying \"docker.io/library/testapp:1.0.0-SNAPSHOT\" ..."
time="2021-12-18T14:40:33+01:00" level=info msg="Request Failed(Not Found): failed to find image testapp:1.0.0-SNAPSHOT: testapp:1.0.0-SNAPSHOT: No such image"
127.0.0.1 - - [18/Dec/2021:14:40:33 +0100] "GET /v1.40/images/testapp%3A1.0.0-SNAPSHOT/json HTTP/1.1" 404 205 "" "Apache-HttpClient/4.5.13 (Java/1.8.0_312)"
time="2021-12-18T14:40:33+01:00" level=debug msg="IdleTracker:idle 1m+0h/2t connection(s)" X-Reference-Id=0xc000010c60
time="2021-12-18T14:40:33+01:00" level=debug msg="IdleTracker:active 1m+0h/2t connection(s)" X-Reference-Id=0xc000010c60
time="2021-12-18T14:40:33+01:00" level=debug msg="base for stage 0: \"openjdk:8-jdk-alpine\""
time="2021-12-18T14:40:33+01:00" level=debug msg="FROM \"openjdk:8-jdk-alpine\""
time="2021-12-18T14:40:33+01:00" level=debug msg="Pulling image openjdk:8-jdk-alpine (policy: missing)"
time="2021-12-18T14:40:33+01:00" level=debug msg="Looking up image \"openjdk:8-jdk-alpine\" in local containers storage"
time="2021-12-18T14:40:33+01:00" level=debug msg="Trying \"openjdk:8-jdk-alpine\" ..."
time="2021-12-18T14:40:33+01:00" level=debug msg="Trying \"docker.io/library/openjdk:8-jdk-alpine\" ..."
time="2021-12-18T14:40:33+01:00" level=debug msg="parsed reference into \"[overlay@/home/jh/.local/share/containers/storage+/run/user/1000/containers]@a3562aa0b991a80cfe8172847c8be6dbf6e46340b759c2b782f8b8be45342717\""
time="2021-12-18T14:40:33+01:00" level=debug msg="Found image \"openjdk:8-jdk-alpine\" as \"docker.io/library/openjdk:8-jdk-alpine\" in local containers storage"
time="2021-12-18T14:40:33+01:00" level=debug msg="Found image \"openjdk:8-jdk-alpine\" as \"docker.io/library/openjdk:8-jdk-alpine\" in local containers storage ([overlay@/home/jh/.local/share/containers/storage+/run/user/1000/containers]@a3562aa0b991a80cfe8172847c8be6dbf6e46340b759c2b782f8b8be45342717)"
time="2021-12-18T14:40:33+01:00" level=debug msg="Looking up image \"docker.io/library/openjdk:8-jdk-alpine\" in local containers storage"
time="2021-12-18T14:40:33+01:00" level=debug msg="Trying \"docker.io/library/openjdk:8-jdk-alpine\" ..."
time="2021-12-18T14:40:33+01:00" level=debug msg="parsed reference into \"[overlay@/home/jh/.local/share/containers/storage+/run/user/1000/containers]@a3562aa0b991a80cfe8172847c8be6dbf6e46340b759c2b782f8b8be45342717\""
time="2021-12-18T14:40:33+01:00" level=debug msg="Found image \"docker.io/library/openjdk:8-jdk-alpine\" as \"docker.io/library/openjdk:8-jdk-alpine\" in local containers storage"
time="2021-12-18T14:40:33+01:00" level=debug msg="Found image \"docker.io/library/openjdk:8-jdk-alpine\" as \"docker.io/library/openjdk:8-jdk-alpine\" in local containers storage ([overlay@/home/jh/.local/share/containers/storage+/run/user/1000/containers]@a3562aa0b991a80cfe8172847c8be6dbf6e46340b759c2b782f8b8be45342717)"
time="2021-12-18T14:40:33+01:00" level=debug msg="exporting opaque data as blob \"sha256:a3562aa0b991a80cfe8172847c8be6dbf6e46340b759c2b782f8b8be45342717\""
time="2021-12-18T14:40:33+01:00" level=debug msg="[graphdriver] trying provided driver \"overlay\""
time="2021-12-18T14:40:33+01:00" level=debug msg="cached value indicated that overlay is supported"
time="2021-12-18T14:40:33+01:00" level=debug msg="cached value indicated that metacopy is not being used"
time="2021-12-18T14:40:33+01:00" level=debug msg="backingFs=extfs, projectQuotaSupported=false, useNativeDiff=true, usingMetacopy=false"
time="2021-12-18T14:40:33+01:00" level=debug msg="cached value indicated that volatile is being used"
time="2021-12-18T14:40:33+01:00" level=debug msg="overlay: mount_data=,lowerdir=/home/jh/.local/share/containers/storage/overlay/l/TSZUK5PR3QBX5BCAERE7WQ6KIC:/home/jh/.local/share/containers/storage/overlay/l/N7IKMGOQUJR7RBCXZHREXRZGRW:/home/jh/.local/share/containers/storage/overlay/l/FWIHVLP3NLD2RAM7QL5PKNPL3B,upperdir=/home/jh/.local/share/containers/storage/overlay/06afa5d78644415590c7e906b7a9df8ba527e45e2238e57ce316356d11845fb0/diff,workdir=/home/jh/.local/share/containers/storage/overlay/06afa5d78644415590c7e906b7a9df8ba527e45e2238e57ce316356d11845fb0/work,userxattr,volatile"
time="2021-12-18T14:40:33+01:00" level=debug msg="Container ID: 255fc0bc903b41563eddc2e8d03c2a7a1369d11a9e53e88623c3a5f680ee7623"
time="2021-12-18T14:40:33+01:00" level=debug msg="Parsed Step: {Env:[PATH=/usr/local/sbin:/usr/local/bin:/usr/sbin:/usr/bin:/sbin:/bin:/usr/lib/jvm/java-1.8-openjdk/jre/bin:/usr/lib/jvm/java-1.8-openjdk/bin LANG=C.UTF-8 JAVA_HOME=/usr/lib/jvm/java-1.8-openjdk JAVA_VERSION=8u212 JAVA_ALPINE_VERSION=8.212.04-r0] Command:copy Args:[*.jar app.jar] Flags:[] Attrs:map[] Message:COPY *.jar app.jar Original:COPY *.jar app.jar}"
time="2021-12-18T14:40:33+01:00" level=debug msg="COPY []string(nil), imagebuilder.Copy{FromFS:false, From:\"\", Src:[]string{\"*.jar\"}, Dest:\"/app.jar\", Download:false, Chown:\"\", Chmod:\"\"}"
time="2021-12-18T14:40:33+01:00" level=debug msg="added content file:4c94700bcf232e69cfc388db31a0c749b00f792fae3d9a41a39a4fe0c69c48f7"
time="2021-12-18T14:40:33+01:00" level=debug msg="Parsed Step: {Env:[PATH=/usr/local/sbin:/usr/local/bin:/usr/sbin:/usr/bin:/sbin:/bin:/usr/lib/jvm/java-1.8-openjdk/jre/bin:/usr/lib/jvm/java-1.8-openjdk/bin LANG=C.UTF-8 JAVA_HOME=/usr/lib/jvm/java-1.8-openjdk JAVA_VERSION=8u212 JAVA_ALPINE_VERSION=8.212.04-r0] Command:copy Args:[NOT_EXISTING_FILE .] Flags:[] Attrs:map[] Message:COPY NOT_EXISTING_FILE . Original:COPY NOT_EXISTING_FILE .}"
time="2021-12-18T14:40:33+01:00" level=debug msg="COPY []string(nil), imagebuilder.Copy{FromFS:false, From:\"\", Src:[]string{\"NOT_EXISTING_FILE\"}, Dest:\"/\", Download:false, Chown:\"\", Chmod:\"\"}"
time="2021-12-18T14:40:33+01:00" level=debug msg="error building at step {Env:[PATH=/usr/local/sbin:/usr/local/bin:/usr/sbin:/usr/bin:/sbin:/bin:/usr/lib/jvm/java-1.8-openjdk/jre/bin:/usr/lib/jvm/java-1.8-openjdk/bin LANG=C.UTF-8 JAVA_HOME=/usr/lib/jvm/java-1.8-openjdk JAVA_VERSION=8u212 JAVA_ALPINE_VERSION=8.212.04-r0] Command:copy Args:[NOT_EXISTING_FILE .] Flags:[] Attrs:map[] Message:COPY NOT_EXISTING_FILE . Original:COPY NOT_EXISTING_FILE .}: checking on sources under \"/var/tmp/libpod_builder962923182/build\": copier: stat: \"/NOT_EXISTING_FILE\": no such file or directory"
127.0.0.1 - - [18/Dec/2021:14:40:33 +0100] "POST /v1.40/build?dockerfile=Dockerfile&forcerm=1&nocache=0&squash=0&t=testapp%3A1.0.0-SNAPSHOT HTTP/1.1" 200 346 "" "Apache-HttpClient/4.5.13 (Java/1.8.0_312)"
time="2021-12-18T14:40:33+01:00" level=debug msg="IdleTracker:idle 1m+0h/2t connection(s)" X-Reference-Id=0xc000010c60
time="2021-12-18T14:40:33+01:00" level=debug msg="IdleTracker:active 1m+0h/2t connection(s)" X-Reference-Id=0xc000010c60
time="2021-12-18T14:40:33+01:00" level=debug msg="Looking up image \"testapp:1.0.0-SNAPSHOT\" in local containers storage"
time="2021-12-18T14:40:33+01:00" level=debug msg="Trying \"testapp:1.0.0-SNAPSHOT\" ..."
time="2021-12-18T14:40:33+01:00" level=debug msg="Trying \"localhost/testapp:1.0.0-SNAPSHOT\" ..."
time="2021-12-18T14:40:33+01:00" level=debug msg="Trying \"docker.io/library/testapp:1.0.0-SNAPSHOT\" ..."
time="2021-12-18T14:40:33+01:00" level=debug msg="Trying \"quay.io/testapp:1.0.0-SNAPSHOT\" ..."
time="2021-12-18T14:40:33+01:00" level=debug msg="Trying \"docker.io/library/testapp:1.0.0-SNAPSHOT\" ..."
time="2021-12-18T14:40:33+01:00" level=info msg="Request Failed(Not Found): failed to find image testapp:1.0.0-SNAPSHOT: testapp:1.0.0-SNAPSHOT: No such image"
127.0.0.1 - - [18/Dec/2021:14:40:33 +0100] "GET /v1.40/images/testapp%3A1.0.0-SNAPSHOT/json HTTP/1.1" 404 205 "" "Apache-HttpClient/4.5.13 (Java/1.8.0_312)"
time="2021-12-18T14:40:33+01:00" level=debug msg="IdleTracker:idle 1m+0h/2t connection(s)" X-Reference-Id=0xc000010c60
time="2021-12-18T14:40:33+01:00" level=debug msg="IdleTracker:closed 1m+0h/2t connection(s)" X-Reference-Id=0xc000010c60
