time="2021-12-18T14:35:11+01:00" level=info msg="podman filtering at log level debug"
time="2021-12-18T14:35:11+01:00" level=debug msg="Called service.PersistentPreRunE(podman system service tcp:localhost:8880 --log-level=debug --time=0)"
time="2021-12-18T14:35:11+01:00" level=debug msg="cached value indicated that overlay is supported"
time="2021-12-18T14:35:11+01:00" level=debug msg="Merged system config \"/usr/share/containers/containers.conf\""
time="2021-12-18T14:35:11+01:00" level=debug msg="cached value indicated that overlay is supported"
time="2021-12-18T14:35:11+01:00" level=debug msg="Using conmon: \"/usr/libexec/podman/conmon\""
time="2021-12-18T14:35:11+01:00" level=debug msg="Initializing boltdb state at /home/jh/.local/share/containers/storage/libpod/bolt_state.db"
time="2021-12-18T14:35:11+01:00" level=debug msg="Using graph driver overlay"
time="2021-12-18T14:35:11+01:00" level=debug msg="Using graph root /home/jh/.local/share/containers/storage"
time="2021-12-18T14:35:11+01:00" level=debug msg="Using run root /run/user/1000/containers"
time="2021-12-18T14:35:11+01:00" level=debug msg="Using static dir /home/jh/.local/share/containers/storage/libpod"
time="2021-12-18T14:35:11+01:00" level=debug msg="Using tmp dir /run/user/1000/libpod/tmp"
time="2021-12-18T14:35:11+01:00" level=debug msg="Using volume path /home/jh/.local/share/containers/storage/volumes"
time="2021-12-18T14:35:11+01:00" level=debug msg="cached value indicated that overlay is supported"
time="2021-12-18T14:35:11+01:00" level=debug msg="Set libpod namespace to \"\""
time="2021-12-18T14:35:11+01:00" level=debug msg="[graphdriver] trying provided driver \"overlay\""
time="2021-12-18T14:35:11+01:00" level=debug msg="cached value indicated that overlay is supported"
time="2021-12-18T14:35:11+01:00" level=debug msg="cached value indicated that metacopy is not being used"
time="2021-12-18T14:35:11+01:00" level=debug msg="cached value indicated that native-diff is usable"
time="2021-12-18T14:35:11+01:00" level=debug msg="backingFs=extfs, projectQuotaSupported=false, useNativeDiff=true, usingMetacopy=false"
time="2021-12-18T14:35:11+01:00" level=debug msg="Initializing event backend journald"
time="2021-12-18T14:35:11+01:00" level=debug msg="configured OCI runtime kata initialization failed: no valid executable found for OCI runtime kata: invalid argument"
time="2021-12-18T14:35:11+01:00" level=debug msg="configured OCI runtime runsc initialization failed: no valid executable found for OCI runtime runsc: invalid argument"
time="2021-12-18T14:35:11+01:00" level=debug msg="Using OCI runtime \"/usr/bin/crun\""
time="2021-12-18T14:35:11+01:00" level=info msg="Found CNI network podman (type=bridge) at /home/jh/.config/cni/net.d/87-podman.conflist"
time="2021-12-18T14:35:11+01:00" level=debug msg="Default CNI network name podman is unchangeable"
time="2021-12-18T14:35:11+01:00" level=info msg="Setting parallel job count to 7"
time="2021-12-18T14:35:11+01:00" level=info msg="using API endpoint: 'tcp:localhost:8880'"
time="2021-12-18T14:35:11+01:00" level=debug msg="registered SIGHUP watcher for config"
time="2021-12-18T14:35:11+01:00" level=debug msg="CORS Headers were not set"
time="2021-12-18T14:35:11+01:00" level=info msg="API service listening on \"127.0.0.1:8880\""
time="2021-12-18T14:35:11+01:00" level=debug msg="waiting for SIGHUP to reload configuration"
time="2021-12-18T14:35:11+01:00" level=debug msg="API service shutting down, idle for 0s"
time="2021-12-18T14:35:11+01:00" level=debug msg="API service shutdown ignored as Duration is UnlimitedService"
time="2021-12-18T14:36:22+01:00" level=debug msg="IdleTracker:new 0m+0h/0t connection(s)" X-Reference-Id=0xc000010008
time="2021-12-18T14:36:22+01:00" level=debug msg="IdleTracker:active 0m+0h/1t connection(s)" X-Reference-Id=0xc000010008
time="2021-12-18T14:36:22+01:00" level=debug msg="[graphdriver] trying provided driver \"overlay\""
time="2021-12-18T14:36:22+01:00" level=debug msg="cached value indicated that overlay is supported"
time="2021-12-18T14:36:22+01:00" level=debug msg="cached value indicated that metacopy is not being used"
time="2021-12-18T14:36:22+01:00" level=debug msg="backingFs=extfs, projectQuotaSupported=false, useNativeDiff=true, usingMetacopy=false"
time="2021-12-18T14:36:22+01:00" level=debug msg="Loading registries configuration \"/etc/containers/registries.conf\""
time="2021-12-18T14:36:22+01:00" level=debug msg="Loading registries configuration \"/etc/containers/registries.conf.d/000-shortnames.conf\""
127.0.0.1 - - [18/Dec/2021:14:36:22 +0100] "GET /version HTTP/1.1" 200 884 "" "Apache-HttpClient/4.5.13 (Java/1.8.0_312)"
time="2021-12-18T14:36:22+01:00" level=debug msg="IdleTracker:idle 1m+0h/1t connection(s)" X-Reference-Id=0xc000010008
time="2021-12-18T14:36:22+01:00" level=debug msg="IdleTracker:closed 1m+0h/1t connection(s)" X-Reference-Id=0xc000010008
time="2021-12-18T14:36:22+01:00" level=debug msg="IdleTracker:new 0m+0h/1t connection(s)" X-Reference-Id=0xc0000130f0
time="2021-12-18T14:36:22+01:00" level=debug msg="IdleTracker:active 0m+0h/2t connection(s)" X-Reference-Id=0xc0000130f0
time="2021-12-18T14:36:22+01:00" level=debug msg="Looking up image \"openjdk:8-jdk-alpine\" in local containers storage"
time="2021-12-18T14:36:22+01:00" level=debug msg="Trying \"openjdk:8-jdk-alpine\" ..."
time="2021-12-18T14:36:22+01:00" level=debug msg="Trying \"docker.io/library/openjdk:8-jdk-alpine\" ..."
time="2021-12-18T14:36:22+01:00" level=debug msg="parsed reference into \"[overlay@/home/jh/.local/share/containers/storage+/run/user/1000/containers]@a3562aa0b991a80cfe8172847c8be6dbf6e46340b759c2b782f8b8be45342717\""
time="2021-12-18T14:36:22+01:00" level=debug msg="Found image \"openjdk:8-jdk-alpine\" as \"docker.io/library/openjdk:8-jdk-alpine\" in local containers storage"
time="2021-12-18T14:36:22+01:00" level=debug msg="Found image \"openjdk:8-jdk-alpine\" as \"docker.io/library/openjdk:8-jdk-alpine\" in local containers storage ([overlay@/home/jh/.local/share/containers/storage+/run/user/1000/containers]@a3562aa0b991a80cfe8172847c8be6dbf6e46340b759c2b782f8b8be45342717)"
time="2021-12-18T14:36:22+01:00" level=debug msg="Inspecting image a3562aa0b991a80cfe8172847c8be6dbf6e46340b759c2b782f8b8be45342717"
time="2021-12-18T14:36:22+01:00" level=debug msg="exporting opaque data as blob \"sha256:a3562aa0b991a80cfe8172847c8be6dbf6e46340b759c2b782f8b8be45342717\""
time="2021-12-18T14:36:22+01:00" level=debug msg="exporting opaque data as blob \"sha256:a3562aa0b991a80cfe8172847c8be6dbf6e46340b759c2b782f8b8be45342717\""
time="2021-12-18T14:36:22+01:00" level=debug msg="exporting opaque data as blob \"sha256:a3562aa0b991a80cfe8172847c8be6dbf6e46340b759c2b782f8b8be45342717\""
time="2021-12-18T14:36:22+01:00" level=debug msg="exporting opaque data as blob \"sha256:a3562aa0b991a80cfe8172847c8be6dbf6e46340b759c2b782f8b8be45342717\""
127.0.0.1 - - [18/Dec/2021:14:36:22 +0100] "GET /v1.40/images/openjdk%3A8-jdk-alpine/json HTTP/1.1" 200 2263 "" "Apache-HttpClient/4.5.13 (Java/1.8.0_312)"
time="2021-12-18T14:36:22+01:00" level=debug msg="IdleTracker:idle 1m+0h/2t connection(s)" X-Reference-Id=0xc0000130f0
time="2021-12-18T14:36:22+01:00" level=debug msg="IdleTracker:active 1m+0h/2t connection(s)" X-Reference-Id=0xc0000130f0
time="2021-12-18T14:36:22+01:00" level=debug msg="Looking up image \"testapp:1.0.0-SNAPSHOT\" in local containers storage"
time="2021-12-18T14:36:22+01:00" level=debug msg="Trying \"testapp:1.0.0-SNAPSHOT\" ..."
time="2021-12-18T14:36:22+01:00" level=debug msg="Trying \"localhost/testapp:1.0.0-SNAPSHOT\" ..."
time="2021-12-18T14:36:22+01:00" level=debug msg="Trying \"docker.io/library/testapp:1.0.0-SNAPSHOT\" ..."
time="2021-12-18T14:36:22+01:00" level=debug msg="Trying \"quay.io/testapp:1.0.0-SNAPSHOT\" ..."
time="2021-12-18T14:36:22+01:00" level=debug msg="Trying \"docker.io/library/testapp:1.0.0-SNAPSHOT\" ..."
time="2021-12-18T14:36:22+01:00" level=info msg="Request Failed(Not Found): failed to find image testapp:1.0.0-SNAPSHOT: testapp:1.0.0-SNAPSHOT: No such image"
127.0.0.1 - - [18/Dec/2021:14:36:22 +0100] "GET /v1.40/images/testapp%3A1.0.0-SNAPSHOT/json HTTP/1.1" 404 205 "" "Apache-HttpClient/4.5.13 (Java/1.8.0_312)"
time="2021-12-18T14:36:22+01:00" level=debug msg="IdleTracker:idle 1m+0h/2t connection(s)" X-Reference-Id=0xc0000130f0
time="2021-12-18T14:36:22+01:00" level=debug msg="IdleTracker:active 1m+0h/2t connection(s)" X-Reference-Id=0xc0000130f0
time="2021-12-18T14:36:22+01:00" level=debug msg="base for stage 0: \"openjdk:8-jdk-alpine\""
time="2021-12-18T14:36:22+01:00" level=debug msg="FROM \"openjdk:8-jdk-alpine\""
time="2021-12-18T14:36:22+01:00" level=debug msg="Pulling image openjdk:8-jdk-alpine (policy: missing)"
time="2021-12-18T14:36:22+01:00" level=debug msg="Looking up image \"openjdk:8-jdk-alpine\" in local containers storage"
time="2021-12-18T14:36:22+01:00" level=debug msg="Trying \"openjdk:8-jdk-alpine\" ..."
time="2021-12-18T14:36:22+01:00" level=debug msg="Trying \"docker.io/library/openjdk:8-jdk-alpine\" ..."
time="2021-12-18T14:36:22+01:00" level=debug msg="parsed reference into \"[overlay@/home/jh/.local/share/containers/storage+/run/user/1000/containers]@a3562aa0b991a80cfe8172847c8be6dbf6e46340b759c2b782f8b8be45342717\""
time="2021-12-18T14:36:22+01:00" level=debug msg="Found image \"openjdk:8-jdk-alpine\" as \"docker.io/library/openjdk:8-jdk-alpine\" in local containers storage"
time="2021-12-18T14:36:22+01:00" level=debug msg="Found image \"openjdk:8-jdk-alpine\" as \"docker.io/library/openjdk:8-jdk-alpine\" in local containers storage ([overlay@/home/jh/.local/share/containers/storage+/run/user/1000/containers]@a3562aa0b991a80cfe8172847c8be6dbf6e46340b759c2b782f8b8be45342717)"
time="2021-12-18T14:36:22+01:00" level=debug msg="Looking up image \"docker.io/library/openjdk:8-jdk-alpine\" in local containers storage"
time="2021-12-18T14:36:22+01:00" level=debug msg="Trying \"docker.io/library/openjdk:8-jdk-alpine\" ..."
time="2021-12-18T14:36:22+01:00" level=debug msg="parsed reference into \"[overlay@/home/jh/.local/share/containers/storage+/run/user/1000/containers]@a3562aa0b991a80cfe8172847c8be6dbf6e46340b759c2b782f8b8be45342717\""
time="2021-12-18T14:36:22+01:00" level=debug msg="Found image \"docker.io/library/openjdk:8-jdk-alpine\" as \"docker.io/library/openjdk:8-jdk-alpine\" in local containers storage"
time="2021-12-18T14:36:22+01:00" level=debug msg="Found image \"docker.io/library/openjdk:8-jdk-alpine\" as \"docker.io/library/openjdk:8-jdk-alpine\" in local containers storage ([overlay@/home/jh/.local/share/containers/storage+/run/user/1000/containers]@a3562aa0b991a80cfe8172847c8be6dbf6e46340b759c2b782f8b8be45342717)"
time="2021-12-18T14:36:22+01:00" level=debug msg="exporting opaque data as blob \"sha256:a3562aa0b991a80cfe8172847c8be6dbf6e46340b759c2b782f8b8be45342717\""
time="2021-12-18T14:36:22+01:00" level=debug msg="[graphdriver] trying provided driver \"overlay\""
time="2021-12-18T14:36:22+01:00" level=debug msg="cached value indicated that overlay is supported"
time="2021-12-18T14:36:22+01:00" level=debug msg="cached value indicated that metacopy is not being used"
time="2021-12-18T14:36:22+01:00" level=debug msg="backingFs=extfs, projectQuotaSupported=false, useNativeDiff=true, usingMetacopy=false"
time="2021-12-18T14:36:22+01:00" level=debug msg="cached value indicated that volatile is being used"
time="2021-12-18T14:36:22+01:00" level=debug msg="overlay: mount_data=,lowerdir=/home/jh/.local/share/containers/storage/overlay/l/TSZUK5PR3QBX5BCAERE7WQ6KIC:/home/jh/.local/share/containers/storage/overlay/l/N7IKMGOQUJR7RBCXZHREXRZGRW:/home/jh/.local/share/containers/storage/overlay/l/FWIHVLP3NLD2RAM7QL5PKNPL3B,upperdir=/home/jh/.local/share/containers/storage/overlay/bcbf3a5f000c0acbcaba5c8a05ea4a6b38abab3532171b075b41da4c4d44cbc7/diff,workdir=/home/jh/.local/share/containers/storage/overlay/bcbf3a5f000c0acbcaba5c8a05ea4a6b38abab3532171b075b41da4c4d44cbc7/work,userxattr,volatile"
time="2021-12-18T14:36:22+01:00" level=debug msg="Container ID: 3d497da186b7beab7342880460d0e453befe3d1dd30b166a5baa5ea9cae7ded1"
time="2021-12-18T14:36:22+01:00" level=debug msg="Parsed Step: {Env:[PATH=/usr/local/sbin:/usr/local/bin:/usr/sbin:/usr/bin:/sbin:/bin:/usr/lib/jvm/java-1.8-openjdk/jre/bin:/usr/lib/jvm/java-1.8-openjdk/bin LANG=C.UTF-8 JAVA_HOME=/usr/lib/jvm/java-1.8-openjdk JAVA_VERSION=8u212 JAVA_ALPINE_VERSION=8.212.04-r0] Command:copy Args:[*.jar app.jar] Flags:[] Attrs:map[] Message:COPY *.jar app.jar Original:COPY *.jar app.jar}"
time="2021-12-18T14:36:22+01:00" level=debug msg="COPY []string(nil), imagebuilder.Copy{FromFS:false, From:\"\", Src:[]string{\"*.jar\"}, Dest:\"/app.jar\", Download:false, Chown:\"\", Chmod:\"\"}"
time="2021-12-18T14:36:22+01:00" level=debug msg="added content file:cecf57862fb3c90b778edd799d43a34b3874698b141b7ef2937ffb19860a7958"
time="2021-12-18T14:36:22+01:00" level=debug msg="Parsed Step: {Env:[PATH=/usr/local/sbin:/usr/local/bin:/usr/sbin:/usr/bin:/sbin:/bin:/usr/lib/jvm/java-1.8-openjdk/jre/bin:/usr/lib/jvm/java-1.8-openjdk/bin LANG=C.UTF-8 JAVA_HOME=/usr/lib/jvm/java-1.8-openjdk JAVA_VERSION=8u212 JAVA_ALPINE_VERSION=8.212.04-r0] Command:entrypoint Args:[java -jar /app.jar] Flags:[] Attrs:map[json:true] Message:ENTRYPOINT java -jar /app.jar Original:ENTRYPOINT [\"java\", \"-jar\", \"/app.jar\"]}"
time="2021-12-18T14:36:22+01:00" level=debug msg="COMMIT testapp:1.0.0-SNAPSHOT"
time="2021-12-18T14:36:22+01:00" level=debug msg="Looking up image \"testapp:1.0.0-SNAPSHOT\" in local containers storage"
time="2021-12-18T14:36:22+01:00" level=debug msg="Trying \"testapp:1.0.0-SNAPSHOT\" ..."
time="2021-12-18T14:36:22+01:00" level=debug msg="Trying \"localhost/testapp:1.0.0-SNAPSHOT\" ..."
time="2021-12-18T14:36:22+01:00" level=debug msg="Trying \"docker.io/library/testapp:1.0.0-SNAPSHOT\" ..."
time="2021-12-18T14:36:22+01:00" level=debug msg="Trying \"quay.io/testapp:1.0.0-SNAPSHOT\" ..."
time="2021-12-18T14:36:22+01:00" level=debug msg="Trying \"docker.io/library/testapp:1.0.0-SNAPSHOT\" ..."
time="2021-12-18T14:36:22+01:00" level=debug msg="parsed reference into \"[overlay@/home/jh/.local/share/containers/storage+/run/user/1000/containers]localhost/testapp:1.0.0-SNAPSHOT\""
time="2021-12-18T14:36:22+01:00" level=debug msg="COMMIT \"containers-storage:[overlay@/home/jh/.local/share/containers/storage+/run/user/1000/containers]localhost/testapp:1.0.0-SNAPSHOT\""
time="2021-12-18T14:36:22+01:00" level=debug msg="committing image with reference \"containers-storage:[overlay@/home/jh/.local/share/containers/storage+/run/user/1000/containers]localhost/testapp:1.0.0-SNAPSHOT\" is allowed by policy"
time="2021-12-18T14:36:22+01:00" level=debug msg="layer list: [\"f1b5933fe4b5f49bbe8258745cf396afe07e625bdab3168e364daf7c956b6b81\" \"73d443487542d4c82676f0600740af769f5f5997bb27412c96cf05c3c76dba61\" \"16dec2980331b7c1ec3b9130c28ecfa7ac5a2d034fcff4391d42de85dcddad0e\" \"bcbf3a5f000c0acbcaba5c8a05ea4a6b38abab3532171b075b41da4c4d44cbc7\"]"
time="2021-12-18T14:36:22+01:00" level=debug msg="using \"/var/tmp/buildah224913468\" to hold temporary data"
time="2021-12-18T14:36:22+01:00" level=debug msg="Tar with options on /home/jh/.local/share/containers/storage/overlay/bcbf3a5f000c0acbcaba5c8a05ea4a6b38abab3532171b075b41da4c4d44cbc7/diff"
time="2021-12-18T14:36:22+01:00" level=debug msg="layer \"bcbf3a5f000c0acbcaba5c8a05ea4a6b38abab3532171b075b41da4c4d44cbc7\" size is 5120 bytes, uncompressed digest sha256:220468242e5593b9e1cecddcab782b592d5c85041cb3dbf620ee6b8324f9bece, possibly-compressed digest sha256:220468242e5593b9e1cecddcab782b592d5c85041cb3dbf620ee6b8324f9bece"
time="2021-12-18T14:36:22+01:00" level=debug msg="OCIv1 config = {\"created\":\"2021-12-18T13:36:22.931281865Z\",\"architecture\":\"amd64\",\"os\":\"linux\",\"config\":{\"Env\":[\"PATH=/usr/local/sbin:/usr/local/bin:/usr/sbin:/usr/bin:/sbin:/bin:/usr/lib/jvm/java-1.8-openjdk/jre/bin:/usr/lib/jvm/java-1.8-openjdk/bin\",\"LANG=C.UTF-8\",\"JAVA_HOME=/usr/lib/jvm/java-1.8-openjdk\",\"JAVA_VERSION=8u212\",\"JAVA_ALPINE_VERSION=8.212.04-r0\"],\"Entrypoint\":[\"java\",\"-jar\",\"/app.jar\"],\"Labels\":{\"io.buildah.version\":\"1.23.1\"}},\"rootfs\":{\"type\":\"layers\",\"diff_ids\":[\"sha256:f1b5933fe4b5f49bbe8258745cf396afe07e625bdab3168e364daf7c956b6b81\",\"sha256:9b9b7f3d56a01e3d9076874990c62e7a516cc4032f784f421574d06b18ef9aa4\",\"sha256:ceaf9e1ebef5f9eaa707a838848a3c13800fcf32d7757be10d4b08fb85f1bc8a\",\"sha256:220468242e5593b9e1cecddcab782b592d5c85041cb3dbf620ee6b8324f9bece\"]},\"history\":[{\"created\":\"2019-05-11T00:07:03.358250803Z\",\"created_by\":\"/bin/sh -c #(nop) ADD file:a86aea1f3a7d68f6ae03397b99ea77f2e9ee901c5c59e59f76f93adbb4035913 in / \"},{\"created\":\"2019-05-11T00:07:03.510395965Z\",\"created_by\":\"/bin/sh -c #(nop)  CMD [\\\"/bin/sh\\\"]\",\"empty_layer\":true},{\"created\":\"2019-05-11T01:32:11.0323736Z\",\"created_by\":\"/bin/sh -c #(nop)  ENV LANG=C.UTF-8\",\"empty_layer\":true},{\"created\":\"2019-05-11T01:32:12.044405061Z\",\"created_by\":\"/bin/sh -c { \\t\\techo '#!/bin/sh'; \\t\\techo 'set -e'; \\t\\techo; \\t\\techo 'dirname \\\"$(dirname \\\"$(readlink -f \\\"$(which javac || which java)\\\")\\\")\\\"'; \\t} \\u003e /usr/local/bin/docker-java-home \\t\\u0026\\u0026 chmod +x /usr/local/bin/docker-java-home\"},{\"created\":\"2019-05-11T01:32:12.271831312Z\",\"created_by\":\"/bin/sh -c #(nop)  ENV JAVA_HOME=/usr/lib/jvm/java-1.8-openjdk\",\"empty_layer\":true},{\"created\":\"2019-05-11T01:32:12.506789049Z\",\"created_by\":\"/bin/sh -c #(nop)  ENV PATH=/usr/local/sbin:/usr/local/bin:/usr/sbin:/usr/bin:/sbin:/bin:/usr/lib/jvm/java-1.8-openjdk/jre/bin:/usr/lib/jvm/java-1.8-openjdk/bin\",\"empty_layer\":true},{\"created\":\"2019-05-11T01:32:12.755877628Z\",\"created_by\":\"/bin/sh -c #(nop)  ENV JAVA_VERSION=8u212\",\"empty_layer\":true},{\"created\":\"2019-05-11T01:32:13.051281176Z\",\"created_by\":\"/bin/sh -c #(nop)  ENV JAVA_ALPINE_VERSION=8.212.04-r0\",\"empty_layer\":true},{\"created\":\"2019-05-11T01:32:17.777332452Z\",\"created_by\":\"/bin/sh -c set -x \\t\\u0026\\u0026 apk add --no-cache \\t\\topenjdk8=\\\"$JAVA_ALPINE_VERSION\\\" \\t\\u0026\\u0026 [ \\\"$JAVA_HOME\\\" = \\\"$(docker-java-home)\\\" ]\"},{\"created\":\"2021-12-18T13:36:22.9297701Z\",\"created_by\":\"/bin/sh -c #(nop) COPY file:cecf57862fb3c90b778edd799d43a34b3874698b141b7ef2937ffb19860a7958 in app.jar \",\"empty_layer\":true},{\"created\":\"2021-12-18T13:36:22.932219092Z\",\"created_by\":\"/bin/sh -c #(nop) ENTRYPOINT [\\\"java\\\", \\\"-jar\\\", \\\"/app.jar\\\"]\",\"comment\":\"FROM docker.io/library/openjdk:8-jdk-alpine\"}]}"
time="2021-12-18T14:36:22+01:00" level=debug msg="OCIv1 manifest = {\"schemaVersion\":2,\"config\":{\"mediaType\":\"application/vnd.oci.image.config.v1+json\",\"digest\":\"sha256:bf075dbee322628ac8228d44fc7383287245d571b623e60debcea72ce6423868\",\"size\":2686},\"layers\":[{\"mediaType\":\"application/vnd.oci.image.layer.v1.tar\",\"digest\":\"sha256:f1b5933fe4b5f49bbe8258745cf396afe07e625bdab3168e364daf7c956b6b81\",\"size\":5796352},{\"mediaType\":\"application/vnd.oci.image.layer.v1.tar\",\"digest\":\"sha256:9b9b7f3d56a01e3d9076874990c62e7a516cc4032f784f421574d06b18ef9aa4\",\"size\":3584},{\"mediaType\":\"application/vnd.oci.image.layer.v1.tar\",\"digest\":\"sha256:ceaf9e1ebef5f9eaa707a838848a3c13800fcf32d7757be10d4b08fb85f1bc8a\",\"size\":100226048},{\"mediaType\":\"application/vnd.oci.image.layer.v1.tar\",\"digest\":\"sha256:220468242e5593b9e1cecddcab782b592d5c85041cb3dbf620ee6b8324f9bece\",\"size\":5120}],\"annotations\":{\"org.opencontainers.image.base.digest\":\"sha256:44b3cea369c947527e266275cee85c71a81f20fc5076f6ebb5a13f19015dce71\",\"org.opencontainers.image.base.name\":\"docker.io/library/openjdk:8-jdk-alpine\"}}"
time="2021-12-18T14:36:22+01:00" level=debug msg="Docker v2s2 config = {\"created\":\"2021-12-18T13:36:22.931281865Z\",\"container\":\"3d497da186b7beab7342880460d0e453befe3d1dd30b166a5baa5ea9cae7ded1\",\"container_config\":{\"Hostname\":\"3d7750728594\",\"Domainname\":\"\",\"User\":\"\",\"AttachStdin\":false,\"AttachStdout\":false,\"AttachStderr\":false,\"Tty\":false,\"OpenStdin\":false,\"StdinOnce\":false,\"Env\":[\"PATH=/usr/local/sbin:/usr/local/bin:/usr/sbin:/usr/bin:/sbin:/bin:/usr/lib/jvm/java-1.8-openjdk/jre/bin:/usr/lib/jvm/java-1.8-openjdk/bin\",\"LANG=C.UTF-8\",\"JAVA_HOME=/usr/lib/jvm/java-1.8-openjdk\",\"JAVA_VERSION=8u212\",\"JAVA_ALPINE_VERSION=8.212.04-r0\"],\"Cmd\":[],\"ArgsEscaped\":true,\"Image\":\"sha256:2e9b153526a4f3c6991cd1f02326be8ee0c984d727c659ab8ab2dabd57582f8d\",\"Volumes\":{},\"WorkingDir\":\"\",\"Entrypoint\":[\"java\",\"-jar\",\"/app.jar\"],\"OnBuild\":[],\"Labels\":{\"io.buildah.version\":\"1.23.1\"}},\"config\":{\"Hostname\":\"3d7750728594\",\"Domainname\":\"\",\"User\":\"\",\"AttachStdin\":false,\"AttachStdout\":false,\"AttachStderr\":false,\"Tty\":false,\"OpenStdin\":false,\"StdinOnce\":false,\"Env\":[\"PATH=/usr/local/sbin:/usr/local/bin:/usr/sbin:/usr/bin:/sbin:/bin:/usr/lib/jvm/java-1.8-openjdk/jre/bin:/usr/lib/jvm/java-1.8-openjdk/bin\",\"LANG=C.UTF-8\",\"JAVA_HOME=/usr/lib/jvm/java-1.8-openjdk\",\"JAVA_VERSION=8u212\",\"JAVA_ALPINE_VERSION=8.212.04-r0\"],\"Cmd\":[],\"ArgsEscaped\":true,\"Image\":\"sha256:2e9b153526a4f3c6991cd1f02326be8ee0c984d727c659ab8ab2dabd57582f8d\",\"Volumes\":{},\"WorkingDir\":\"\",\"Entrypoint\":[\"java\",\"-jar\",\"/app.jar\"],\"OnBuild\":[],\"Labels\":{\"io.buildah.version\":\"1.23.1\"}},\"architecture\":\"amd64\",\"os\":\"linux\",\"parent\":\"sha256:a3562aa0b991a80cfe8172847c8be6dbf6e46340b759c2b782f8b8be45342717\",\"rootfs\":{\"type\":\"layers\",\"diff_ids\":[\"sha256:f1b5933fe4b5f49bbe8258745cf396afe07e625bdab3168e364daf7c956b6b81\",\"sha256:9b9b7f3d56a01e3d9076874990c62e7a516cc4032f784f421574d06b18ef9aa4\",\"sha256:ceaf9e1ebef5f9eaa707a838848a3c13800fcf32d7757be10d4b08fb85f1bc8a\",\"sha256:220468242e5593b9e1cecddcab782b592d5c85041cb3dbf620ee6b8324f9bece\"]},\"history\":[{\"created\":\"2019-05-11T00:07:03.358250803Z\",\"created_by\":\"/bin/sh -c #(nop) ADD file:a86aea1f3a7d68f6ae03397b99ea77f2e9ee901c5c59e59f76f93adbb4035913 in / \"},{\"created\":\"2019-05-11T00:07:03.510395965Z\",\"created_by\":\"/bin/sh -c #(nop)  CMD [\\\"/bin/sh\\\"]\",\"empty_layer\":true},{\"created\":\"2019-05-11T01:32:11.0323736Z\",\"created_by\":\"/bin/sh -c #(nop)  ENV LANG=C.UTF-8\",\"empty_layer\":true},{\"created\":\"2019-05-11T01:32:12.044405061Z\",\"created_by\":\"/bin/sh -c { \\t\\techo '#!/bin/sh'; \\t\\techo 'set -e'; \\t\\techo; \\t\\techo 'dirname \\\"$(dirname \\\"$(readlink -f \\\"$(which javac || which java)\\\")\\\")\\\"'; \\t} \\u003e /usr/local/bin/docker-java-home \\t\\u0026\\u0026 chmod +x /usr/local/bin/docker-java-home\"},{\"created\":\"2019-05-11T01:32:12.271831312Z\",\"created_by\":\"/bin/sh -c #(nop)  ENV JAVA_HOME=/usr/lib/jvm/java-1.8-openjdk\",\"empty_layer\":true},{\"created\":\"2019-05-11T01:32:12.506789049Z\",\"created_by\":\"/bin/sh -c #(nop)  ENV PATH=/usr/local/sbin:/usr/local/bin:/usr/sbin:/usr/bin:/sbin:/bin:/usr/lib/jvm/java-1.8-openjdk/jre/bin:/usr/lib/jvm/java-1.8-openjdk/bin\",\"empty_layer\":true},{\"created\":\"2019-05-11T01:32:12.755877628Z\",\"created_by\":\"/bin/sh -c #(nop)  ENV JAVA_VERSION=8u212\",\"empty_layer\":true},{\"created\":\"2019-05-11T01:32:13.051281176Z\",\"created_by\":\"/bin/sh -c #(nop)  ENV JAVA_ALPINE_VERSION=8.212.04-r0\",\"empty_layer\":true},{\"created\":\"2019-05-11T01:32:17.777332452Z\",\"created_by\":\"/bin/sh -c set -x \\t\\u0026\\u0026 apk add --no-cache \\t\\topenjdk8=\\\"$JAVA_ALPINE_VERSION\\\" \\t\\u0026\\u0026 [ \\\"$JAVA_HOME\\\" = \\\"$(docker-java-home)\\\" ]\"},{\"created\":\"2021-12-18T13:36:22.9297701Z\",\"created_by\":\"/bin/sh -c #(nop) COPY file:cecf57862fb3c90b778edd799d43a34b3874698b141b7ef2937ffb19860a7958 in app.jar \",\"empty_layer\":true},{\"created\":\"2021-12-18T13:36:22.932219092Z\",\"created_by\":\"/bin/sh -c #(nop) ENTRYPOINT [\\\"java\\\", \\\"-jar\\\", \\\"/app.jar\\\"]\",\"comment\":\"FROM docker.io/library/openjdk:8-jdk-alpine\"}]}"
time="2021-12-18T14:36:22+01:00" level=debug msg="Docker v2s2 manifest = {\"schemaVersion\":2,\"mediaType\":\"application/vnd.docker.distribution.manifest.v2+json\",\"config\":{\"mediaType\":\"application/vnd.docker.container.image.v1+json\",\"size\":3838,\"digest\":\"sha256:eed790608771b099f895066e5949c6fff15a103db0f4510a478cd1b00a12c3eb\"},\"layers\":[{\"mediaType\":\"application/vnd.docker.image.rootfs.diff.tar\",\"size\":5796352,\"digest\":\"sha256:f1b5933fe4b5f49bbe8258745cf396afe07e625bdab3168e364daf7c956b6b81\"},{\"mediaType\":\"application/vnd.docker.image.rootfs.diff.tar\",\"size\":3584,\"digest\":\"sha256:9b9b7f3d56a01e3d9076874990c62e7a516cc4032f784f421574d06b18ef9aa4\"},{\"mediaType\":\"application/vnd.docker.image.rootfs.diff.tar\",\"size\":100226048,\"digest\":\"sha256:ceaf9e1ebef5f9eaa707a838848a3c13800fcf32d7757be10d4b08fb85f1bc8a\"},{\"mediaType\":\"application/vnd.docker.image.rootfs.diff.tar\",\"size\":5120,\"digest\":\"sha256:220468242e5593b9e1cecddcab782b592d5c85041cb3dbf620ee6b8324f9bece\"}]}"
time="2021-12-18T14:36:22+01:00" level=debug msg="Using blob info cache at /home/jh/.local/share/containers/cache/blob-info-cache-v1.boltdb"
time="2021-12-18T14:36:22+01:00" level=debug msg="IsRunningImageAllowed for image containers-storage:"
time="2021-12-18T14:36:22+01:00" level=debug msg=" Using transport \"containers-storage\" policy section "
time="2021-12-18T14:36:22+01:00" level=debug msg=" Requirement 0: allowed"
time="2021-12-18T14:36:22+01:00" level=debug msg="Overall: allowed"
time="2021-12-18T14:36:22+01:00" level=debug msg="start reading config"
time="2021-12-18T14:36:22+01:00" level=debug msg="finished reading config"
time="2021-12-18T14:36:22+01:00" level=debug msg="Manifest has MIME type application/vnd.docker.distribution.manifest.v2+json, ordered candidate list [application/vnd.docker.distribution.manifest.v2+json, application/vnd.docker.distribution.manifest.v1+prettyjws, application/vnd.oci.image.manifest.v1+json, application/vnd.docker.distribution.manifest.v1+json]"
time="2021-12-18T14:36:22+01:00" level=debug msg="... will first try using the original manifest unmodified"
time="2021-12-18T14:36:22+01:00" level=debug msg="Skipping blob sha256:f1b5933fe4b5f49bbe8258745cf396afe07e625bdab3168e364daf7c956b6b81 (already present):"
time="2021-12-18T14:36:22+01:00" level=debug msg="Skipping blob sha256:9b9b7f3d56a01e3d9076874990c62e7a516cc4032f784f421574d06b18ef9aa4 (already present):"
time="2021-12-18T14:36:22+01:00" level=debug msg="Skipping blob sha256:ceaf9e1ebef5f9eaa707a838848a3c13800fcf32d7757be10d4b08fb85f1bc8a (already present):"
time="2021-12-18T14:36:22+01:00" level=debug msg="reading layer \"sha256:220468242e5593b9e1cecddcab782b592d5c85041cb3dbf620ee6b8324f9bece\""
time="2021-12-18T14:36:22+01:00" level=debug msg="No compression detected"
time="2021-12-18T14:36:22+01:00" level=debug msg="Using original blob without modification"
time="2021-12-18T14:36:22+01:00" level=debug msg="Applying tar in /home/jh/.local/share/containers/storage/overlay/ddb37baa89f072ca77889a6d39d5ac13a46adc541c0866c40806a3cc6b5770fd/diff"
time="2021-12-18T14:36:23+01:00" level=debug msg="finished reading layer \"sha256:220468242e5593b9e1cecddcab782b592d5c85041cb3dbf620ee6b8324f9bece\""
time="2021-12-18T14:36:23+01:00" level=debug msg="No compression detected"
time="2021-12-18T14:36:23+01:00" level=debug msg="Using original blob without modification"
time="2021-12-18T14:36:23+01:00" level=debug msg="setting image creation date to 2021-12-18 13:36:22.931281865 +0000 UTC"
time="2021-12-18T14:36:23+01:00" level=debug msg="created new image ID \"eed790608771b099f895066e5949c6fff15a103db0f4510a478cd1b00a12c3eb\""
time="2021-12-18T14:36:23+01:00" level=debug msg="saved image metadata \"{\\\"signatures-sizes\\\":{\\\"sha256:f277c1c87d3cb881ec0c11c775eb5f8c5c80b31577779bfc7198b1c305ec89ee\\\":[]}}\""
time="2021-12-18T14:36:23+01:00" level=debug msg="set names of image \"eed790608771b099f895066e5949c6fff15a103db0f4510a478cd1b00a12c3eb\" to [localhost/testapp:1.0.0-SNAPSHOT]"
time="2021-12-18T14:36:23+01:00" level=debug msg="Looking up image \"testapp:1.0.0-SNAPSHOT\" in local containers storage"
time="2021-12-18T14:36:23+01:00" level=debug msg="Trying \"testapp:1.0.0-SNAPSHOT\" ..."
time="2021-12-18T14:36:23+01:00" level=debug msg="Trying \"localhost/testapp:1.0.0-SNAPSHOT\" ..."
time="2021-12-18T14:36:23+01:00" level=debug msg="parsed reference into \"[overlay@/home/jh/.local/share/containers/storage+/run/user/1000/containers]@eed790608771b099f895066e5949c6fff15a103db0f4510a478cd1b00a12c3eb\""
time="2021-12-18T14:36:23+01:00" level=debug msg="Found image \"testapp:1.0.0-SNAPSHOT\" as \"localhost/testapp:1.0.0-SNAPSHOT\" in local containers storage"
time="2021-12-18T14:36:23+01:00" level=debug msg="Found image \"testapp:1.0.0-SNAPSHOT\" as \"localhost/testapp:1.0.0-SNAPSHOT\" in local containers storage ([overlay@/home/jh/.local/share/containers/storage+/run/user/1000/containers]@eed790608771b099f895066e5949c6fff15a103db0f4510a478cd1b00a12c3eb)"
time="2021-12-18T14:36:23+01:00" level=debug msg="parsed reference into \"[overlay@/home/jh/.local/share/containers/storage+/run/user/1000/containers]localhost/testapp:1.0.0-SNAPSHOT\""
time="2021-12-18T14:36:23+01:00" level=debug msg="printing final image id \"eed790608771b099f895066e5949c6fff15a103db0f4510a478cd1b00a12c3eb\""
127.0.0.1 - - [18/Dec/2021:14:36:22 +0100] "POST /v1.40/build?dockerfile=Dockerfile&forcerm=1&nocache=0&squash=0&t=testapp%3A1.0.0-SNAPSHOT HTTP/1.1" 200 1136 "" "Apache-HttpClient/4.5.13 (Java/1.8.0_312)"
time="2021-12-18T14:36:23+01:00" level=debug msg="IdleTracker:idle 1m+0h/2t connection(s)" X-Reference-Id=0xc0000130f0
time="2021-12-18T14:36:23+01:00" level=debug msg="IdleTracker:active 1m+0h/2t connection(s)" X-Reference-Id=0xc0000130f0
time="2021-12-18T14:36:23+01:00" level=debug msg="Looking up image \"testapp:1.0.0-SNAPSHOT\" in local containers storage"
time="2021-12-18T14:36:23+01:00" level=debug msg="Trying \"testapp:1.0.0-SNAPSHOT\" ..."
time="2021-12-18T14:36:23+01:00" level=debug msg="Trying \"localhost/testapp:1.0.0-SNAPSHOT\" ..."
time="2021-12-18T14:36:23+01:00" level=debug msg="parsed reference into \"[overlay@/home/jh/.local/share/containers/storage+/run/user/1000/containers]@eed790608771b099f895066e5949c6fff15a103db0f4510a478cd1b00a12c3eb\""
time="2021-12-18T14:36:23+01:00" level=debug msg="Found image \"testapp:1.0.0-SNAPSHOT\" as \"localhost/testapp:1.0.0-SNAPSHOT\" in local containers storage"
time="2021-12-18T14:36:23+01:00" level=debug msg="Found image \"testapp:1.0.0-SNAPSHOT\" as \"localhost/testapp:1.0.0-SNAPSHOT\" in local containers storage ([overlay@/home/jh/.local/share/containers/storage+/run/user/1000/containers]@eed790608771b099f895066e5949c6fff15a103db0f4510a478cd1b00a12c3eb)"
time="2021-12-18T14:36:23+01:00" level=debug msg="Inspecting image eed790608771b099f895066e5949c6fff15a103db0f4510a478cd1b00a12c3eb"
time="2021-12-18T14:36:23+01:00" level=debug msg="exporting opaque data as blob \"sha256:eed790608771b099f895066e5949c6fff15a103db0f4510a478cd1b00a12c3eb\""
time="2021-12-18T14:36:23+01:00" level=debug msg="exporting opaque data as blob \"sha256:eed790608771b099f895066e5949c6fff15a103db0f4510a478cd1b00a12c3eb\""
time="2021-12-18T14:36:23+01:00" level=debug msg="exporting opaque data as blob \"sha256:eed790608771b099f895066e5949c6fff15a103db0f4510a478cd1b00a12c3eb\""
time="2021-12-18T14:36:23+01:00" level=debug msg="parsed reference into \"[overlay@/home/jh/.local/share/containers/storage+/run/user/1000/containers]@a3562aa0b991a80cfe8172847c8be6dbf6e46340b759c2b782f8b8be45342717\""
time="2021-12-18T14:36:23+01:00" level=debug msg="exporting opaque data as blob \"sha256:a3562aa0b991a80cfe8172847c8be6dbf6e46340b759c2b782f8b8be45342717\""
time="2021-12-18T14:36:23+01:00" level=debug msg="exporting opaque data as blob \"sha256:eed790608771b099f895066e5949c6fff15a103db0f4510a478cd1b00a12c3eb\""
127.0.0.1 - - [18/Dec/2021:14:36:23 +0100] "GET /v1.40/images/testapp%3A1.0.0-SNAPSHOT/json HTTP/1.1" 200 2343 "" "Apache-HttpClient/4.5.13 (Java/1.8.0_312)"
time="2021-12-18T14:36:23+01:00" level=debug msg="IdleTracker:idle 1m+0h/2t connection(s)" X-Reference-Id=0xc0000130f0
time="2021-12-18T14:36:23+01:00" level=debug msg="IdleTracker:closed 1m+0h/2t connection(s)" X-Reference-Id=0xc0000130f0
